# JRE version: Java(TM) SE Runtime Environment (8.0_192-b12) (build 1.8.0_192-b12)
# Java VM: Java HotSpot(TM) 64-Bit Server VM (25.192-b12 mixed mode windows-amd64 compressed oops)
Heap:
 PSYoungGen      total 222208K, used 84103K [0x00000000d6600000, 0x00000000e8300000, 0x0000000100000000)
  eden space 196608K, 29% used [0x00000000d6600000,0x00000000d9f22f40,0x00000000e2600000)
  from space 25600K, 99% used [0x00000000e2600000,0x00000000e3efef58,0x00000000e3f00000)
  to   space 37376K, 0% used [0x00000000e5e80000,0x00000000e5e80000,0x00000000e8300000)
 ParOldGen       total 90112K, used 58599K [0x0000000083200000, 0x0000000088a00000, 0x00000000d6600000)
  object space 90112K, 65% used [0x0000000083200000,0x0000000086b39fd0,0x0000000088a00000)
 Metaspace       used 23557K, capacity 24058K, committed 24320K, reserved 1071104K
  class space    used 2661K, capacity 2812K, committed 2816K, reserved 1048576K
GC Heap History (10 events):
Event: 7.081 GC heap before
{Heap before GC invocations=8 (full 0):
 PSYoungGen      total 76288K, used 76272K [0x00000000d6600000, 0x00000000e0200000, 0x0000000100000000)
  eden space 65536K, 100% used [0x00000000d6600000,0x00000000da600000,0x00000000da600000)
  from space 10752K, 99% used [0x00000000da600000,0x00000000db07c010,0x00000000db080000)
  to   space 14336K, 0% used [0x00000000df400000,0x00000000df400000,0x00000000e0200000)
 ParOldGen       total 86016K, used 14662K [0x0000000083200000, 0x0000000088600000, 0x00000000d6600000)
  object space 86016K, 17% used [0x0000000083200000,0x0000000084051a78,0x0000000088600000)
 Metaspace       used 17040K, capacity 17410K, committed 17664K, reserved 1064960K
  class space    used 1931K, capacity 2020K, committed 2048K, reserved 1048576K
Event: 7.152 GC heap after
Heap after GC invocations=8 (full 0):
 PSYoungGen      total 142336K, used 14336K [0x00000000d6600000, 0x00000000e0800000, 0x0000000100000000)
  eden space 128000K, 0% used [0x00000000d6600000,0x00000000d6600000,0x00000000de300000)
  from space 14336K, 100% used [0x00000000df400000,0x00000000e0200000,0x00000000e0200000)
  to   space 17408K, 0% used [0x00000000de300000,0x00000000de300000,0x00000000df400000)
 ParOldGen       total 86016K, used 17315K [0x0000000083200000, 0x0000000088600000, 0x00000000d6600000)
  object space 86016K, 20% used [0x0000000083200000,0x00000000842e8fc8,0x0000000088600000)
 Metaspace       used 17040K, capacity 17410K, committed 17664K, reserved 1064960K
  class space    used 1931K, capacity 2020K, committed 2048K, reserved 1048576K
}
Event: 13.446 GC heap before
{Heap before GC invocations=9 (full 0):
 PSYoungGen      total 142336K, used 136828K [0x00000000d6600000, 0x00000000e0800000, 0x0000000100000000)
  eden space 128000K, 95% used [0x00000000d6600000,0x00000000ddd9f268,0x00000000de300000)
  from space 14336K, 100% used [0x00000000df400000,0x00000000e0200000,0x00000000e0200000)
  to   space 17408K, 0% used [0x00000000de300000,0x00000000de300000,0x00000000df400000)
 ParOldGen       total 86016K, used 17315K [0x0000000083200000, 0x0000000088600000, 0x00000000d6600000)
  object space 86016K, 20% used [0x0000000083200000,0x00000000842e8fc8,0x0000000088600000)
 Metaspace       used 20715K, capacity 21146K, committed 21248K, reserved 1069056K
  class space    used 2391K, capacity 2524K, committed 2560K, reserved 1048576K
Event: 13.472 GC heap after
Heap after GC invocations=9 (full 0):
 PSYoungGen      total 145408K, used 17390K [0x00000000d6600000, 0x00000000e5800000, 0x0000000100000000)
  eden space 128000K, 0% used [0x00000000d6600000,0x00000000d6600000,0x00000000de300000)
  from space 17408K, 99% used [0x00000000de300000,0x00000000df3fb9e0,0x00000000df400000)
  to   space 21504K, 0% used [0x00000000e4300000,0x00000000e4300000,0x00000000e5800000)
 ParOldGen       total 86016K, used 21375K [0x0000000083200000, 0x0000000088600000, 0x00000000d6600000)
  object space 86016K, 24% used [0x0000000083200000,0x00000000846dfdb0,0x0000000088600000)
 Metaspace       used 20715K, capacity 21146K, committed 21248K, reserved 1069056K
  class space    used 2391K, capacity 2524K, committed 2560K, reserved 1048576K
}
Event: 13.472 GC heap before
{Heap before GC invocations=10 (full 1):
 PSYoungGen      total 145408K, used 17390K [0x00000000d6600000, 0x00000000e5800000, 0x0000000100000000)
  eden space 128000K, 0% used [0x00000000d6600000,0x00000000d6600000,0x00000000de300000)
  from space 17408K, 99% used [0x00000000de300000,0x00000000df3fb9e0,0x00000000df400000)
  to   space 21504K, 0% used [0x00000000e4300000,0x00000000e4300000,0x00000000e5800000)
 ParOldGen       total 86016K, used 21375K [0x0000000083200000, 0x0000000088600000, 0x00000000d6600000)
  object space 86016K, 24% used [0x0000000083200000,0x00000000846dfdb0,0x0000000088600000)
 Metaspace       used 20715K, capacity 21146K, committed 21248K, reserved 1069056K
  class space    used 2391K, capacity 2524K, committed 2560K, reserved 1048576K
Event: 13.767 GC heap after
Heap after GC invocations=10 (full 1):
 PSYoungGen      total 145408K, used 0K [0x00000000d6600000, 0x00000000e5800000, 0x0000000100000000)
  eden space 128000K, 0% used [0x00000000d6600000,0x00000000d6600000,0x00000000de300000)
  from space 17408K, 0% used [0x00000000de300000,0x00000000de300000,0x00000000df400000)
  to   space 21504K, 0% used [0x00000000e4300000,0x00000000e4300000,0x00000000e5800000)
 ParOldGen       total 90112K, used 33517K [0x0000000083200000, 0x0000000088a00000, 0x00000000d6600000)
  object space 90112K, 37% used [0x0000000083200000,0x00000000852bb698,0x0000000088a00000)
 Metaspace       used 20715K, capacity 21146K, committed 21248K, reserved 1069056K
  class space    used 2391K, capacity 2524K, committed 2560K, reserved 1048576K
}
Event: 16.177 GC heap before
{Heap before GC invocations=11 (full 1):
 PSYoungGen      total 145408K, used 123235K [0x00000000d6600000, 0x00000000e5800000, 0x0000000100000000)
  eden space 128000K, 96% used [0x00000000d6600000,0x00000000dde58f30,0x00000000de300000)
  from space 17408K, 0% used [0x00000000de300000,0x00000000de300000,0x00000000df400000)
  to   space 21504K, 0% used [0x00000000e4300000,0x00000000e4300000,0x00000000e5800000)
 ParOldGen       total 90112K, used 33517K [0x0000000083200000, 0x0000000088a00000, 0x00000000d6600000)
  object space 90112K, 37% used [0x0000000083200000,0x00000000852bb698,0x0000000088a00000)
 Metaspace       used 22960K, capacity 23450K, committed 23552K, reserved 1071104K
  class space    used 2639K, capacity 2780K, committed 2816K, reserved 1048576K
Event: 16.202 GC heap after
Heap after GC invocations=11 (full 1):
 PSYoungGen      total 183296K, used 21490K [0x00000000d6600000, 0x00000000e5800000, 0x0000000100000000)
  eden space 161792K, 0% used [0x00000000d6600000,0x00000000d6600000,0x00000000e0400000)
  from space 21504K, 99% used [0x00000000e4300000,0x00000000e57fcbd0,0x00000000e5800000)
  to   space 25600K, 0% used [0x00000000e2600000,0x00000000e2600000,0x00000000e3f00000)
 ParOldGen       total 90112K, used 36267K [0x0000000083200000, 0x0000000088a00000, 0x00000000d6600000)
  object space 90112K, 40% used [0x0000000083200000,0x000000008556ac58,0x0000000088a00000)
 Metaspace       used 22960K, capacity 23450K, committed 23552K, reserved 1071104K
  class space    used 2639K, capacity 2780K, committed 2816K, reserved 1048576K
}
Event: 16.708 GC heap before
{Heap before GC invocations=12 (full 1):
 PSYoungGen      total 183296K, used 183282K [0x00000000d6600000, 0x00000000e5800000, 0x0000000100000000)
  eden space 161792K, 100% used [0x00000000d6600000,0x00000000e0400000,0x00000000e0400000)
  from space 21504K, 99% used [0x00000000e4300000,0x00000000e57fcbd0,0x00000000e5800000)
  to   space 25600K, 0% used [0x00000000e2600000,0x00000000e2600000,0x00000000e3f00000)
 ParOldGen       total 90112K, used 36267K [0x0000000083200000, 0x0000000088a00000, 0x00000000d6600000)
  object space 90112K, 40% used [0x0000000083200000,0x000000008556ac58,0x0000000088a00000)
 Metaspace       used 22989K, capacity 23450K, committed 23552K, reserved 1071104K
  class space    used 2640K, capacity 2780K, committed 2816K, reserved 1048576K
Event: 16.742 GC heap after
Heap after GC invocations=12 (full 1):
 PSYoungGen      total 222208K, used 25595K [0x00000000d6600000, 0x00000000e8300000, 0x0000000100000000)
  eden space 196608K, 0% used [0x00000000d6600000,0x00000000d6600000,0x00000000e2600000)
  from space 25600K, 99% used [0x00000000e2600000,0x00000000e3efef58,0x00000000e3f00000)
  to   space 37376K, 0% used [0x00000000e5e80000,0x00000000e5e80000,0x00000000e8300000)
 ParOldGen       total 90112K, used 58599K [0x0000000083200000, 0x0000000088a00000, 0x00000000d6600000)
  object space 90112K, 65% used [0x0000000083200000,0x0000000086b39fd0,0x0000000088a00000)
 Metaspace       used 22989K, capacity 23450K, committed 23552K, reserved 1071104K
  class space    used 2640K, capacity 2780K, committed 2816K, reserved 1048576K
}

