# JRE version: Java(TM) SE Runtime Environment (8.0_192-b12) (build 1.8.0_192-b12)
# Java VM: Java HotSpot(TM) 64-Bit Server VM (25.192-b12 mixed mode windows-amd64 compressed oops)
Heap:
 PSYoungGen      total 282624K, used 115012K [0x00000000d6600000, 0x00000000e8e00000, 0x0000000100000000)
  eden space 262144K, 43% used [0x00000000d6600000,0x00000000dd651320,0x00000000e6600000)
  from space 20480K, 0% used [0x00000000e6600000,0x00000000e6600000,0x00000000e7a00000)
  to   space 20480K, 0% used [0x00000000e7a00000,0x00000000e7a00000,0x00000000e8e00000)
 ParOldGen       total 82432K, used 32014K [0x0000000083200000, 0x0000000088280000, 0x00000000d6600000)
  object space 82432K, 38% used [0x0000000083200000,0x0000000085143a20,0x0000000088280000)
 Metaspace       used 22786K, capacity 23226K, committed 23552K, reserved 1071104K
  class space    used 2620K, capacity 2748K, committed 2816K, reserved 1048576K
GC Heap History (10 events):
Event: 5.683 GC heap before
{Heap before GC invocations=4 (full 0):
 PSYoungGen      total 70656K, used 70640K [0x00000000d6600000, 0x00000000df000000, 0x0000000100000000)
  eden space 65536K, 100% used [0x00000000d6600000,0x00000000da600000,0x00000000da600000)
  from space 5120K, 99% used [0x00000000da600000,0x00000000daafc030,0x00000000dab00000)
  to   space 5120K, 0% used [0x00000000deb00000,0x00000000deb00000,0x00000000df000000)
 ParOldGen       total 86016K, used 6675K [0x0000000083200000, 0x0000000088600000, 0x00000000d6600000)
  object space 86016K, 7% used [0x0000000083200000,0x0000000083884c58,0x0000000088600000)
 Metaspace       used 16612K, capacity 17016K, committed 17152K, reserved 1064960K
  class space    used 1932K, capacity 2045K, committed 2048K, reserved 1048576K
Event: 5.759 GC heap after
Heap after GC invocations=4 (full 0):
 PSYoungGen      total 136192K, used 5088K [0x00000000d6600000, 0x00000000df000000, 0x0000000100000000)
  eden space 131072K, 0% used [0x00000000d6600000,0x00000000d6600000,0x00000000de600000)
  from space 5120K, 99% used [0x00000000deb00000,0x00000000deff8020,0x00000000df000000)
  to   space 5120K, 0% used [0x00000000de600000,0x00000000de600000,0x00000000deb00000)
 ParOldGen       total 86016K, used 12673K [0x0000000083200000, 0x0000000088600000, 0x00000000d6600000)
  object space 86016K, 14% used [0x0000000083200000,0x0000000083e60588,0x0000000088600000)
 Metaspace       used 16612K, capacity 17016K, committed 17152K, reserved 1064960K
  class space    used 1932K, capacity 2045K, committed 2048K, reserved 1048576K
}
Event: 10.771 GC heap before
{Heap before GC invocations=5 (full 0):
 PSYoungGen      total 136192K, used 136160K [0x00000000d6600000, 0x00000000df000000, 0x0000000100000000)
  eden space 131072K, 100% used [0x00000000d6600000,0x00000000de600000,0x00000000de600000)
  from space 5120K, 99% used [0x00000000deb00000,0x00000000deff8020,0x00000000df000000)
  to   space 5120K, 0% used [0x00000000de600000,0x00000000de600000,0x00000000deb00000)
 ParOldGen       total 86016K, used 12673K [0x0000000083200000, 0x0000000088600000, 0x00000000d6600000)
  object space 86016K, 14% used [0x0000000083200000,0x0000000083e60588,0x0000000088600000)
 Metaspace       used 17056K, capacity 17442K, committed 17792K, reserved 1064960K
  class space    used 1936K, capacity 2052K, committed 2176K, reserved 1048576K
Event: 10.889 GC heap after
Heap after GC invocations=5 (full 0):
 PSYoungGen      total 136192K, used 5088K [0x00000000d6600000, 0x00000000e8e00000, 0x0000000100000000)
  eden space 131072K, 0% used [0x00000000d6600000,0x00000000d6600000,0x00000000de600000)
  from space 5120K, 99% used [0x00000000de600000,0x00000000deaf8020,0x00000000deb00000)
  to   space 20480K, 0% used [0x00000000e7a00000,0x00000000e7a00000,0x00000000e8e00000)
 ParOldGen       total 86016K, used 26778K [0x0000000083200000, 0x0000000088600000, 0x00000000d6600000)
  object space 86016K, 31% used [0x0000000083200000,0x0000000084c26b18,0x0000000088600000)
 Metaspace       used 17056K, capacity 17442K, committed 17792K, reserved 1064960K
  class space    used 1936K, capacity 2052K, committed 2176K, reserved 1048576K
}
Event: 15.439 GC heap before
{Heap before GC invocations=6 (full 0):
 PSYoungGen      total 136192K, used 136160K [0x00000000d6600000, 0x00000000e8e00000, 0x0000000100000000)
  eden space 131072K, 100% used [0x00000000d6600000,0x00000000de600000,0x00000000de600000)
  from space 5120K, 99% used [0x00000000de600000,0x00000000deaf8020,0x00000000deb00000)
  to   space 20480K, 0% used [0x00000000e7a00000,0x00000000e7a00000,0x00000000e8e00000)
 ParOldGen       total 86016K, used 26778K [0x0000000083200000, 0x0000000088600000, 0x00000000d6600000)
  object space 86016K, 31% used [0x0000000083200000,0x0000000084c26b18,0x0000000088600000)
 Metaspace       used 20560K, capacity 20986K, committed 21248K, reserved 1069056K
  class space    used 2377K, capacity 2492K, committed 2560K, reserved 1048576K
Event: 15.469 GC heap after
Heap after GC invocations=6 (full 0):
 PSYoungGen      total 282624K, used 13129K [0x00000000d6600000, 0x00000000e8e00000, 0x0000000100000000)
  eden space 262144K, 0% used [0x00000000d6600000,0x00000000d6600000,0x00000000e6600000)
  from space 20480K, 64% used [0x00000000e7a00000,0x00000000e86d27f0,0x00000000e8e00000)
  to   space 20480K, 0% used [0x00000000e6600000,0x00000000e6600000,0x00000000e7a00000)
 ParOldGen       total 86016K, used 26778K [0x0000000083200000, 0x0000000088600000, 0x00000000d6600000)
  object space 86016K, 31% used [0x0000000083200000,0x0000000084c26b18,0x0000000088600000)
 Metaspace       used 20560K, capacity 20986K, committed 21248K, reserved 1069056K
  class space    used 2377K, capacity 2492K, committed 2560K, reserved 1048576K
}
Event: 15.490 GC heap before
{Heap before GC invocations=7 (full 0):
 PSYoungGen      total 282624K, used 18349K [0x00000000d6600000, 0x00000000e8e00000, 0x0000000100000000)
  eden space 262144K, 1% used [0x00000000d6600000,0x00000000d6b18c88,0x00000000e6600000)
  from space 20480K, 64% used [0x00000000e7a00000,0x00000000e86d27f0,0x00000000e8e00000)
  to   space 20480K, 0% used [0x00000000e6600000,0x00000000e6600000,0x00000000e7a00000)
 ParOldGen       total 86016K, used 26778K [0x0000000083200000, 0x0000000088600000, 0x00000000d6600000)
  object space 86016K, 31% used [0x0000000083200000,0x0000000084c26b18,0x0000000088600000)
 Metaspace       used 20718K, capacity 21146K, committed 21248K, reserved 1069056K
  class space    used 2395K, capacity 2524K, committed 2560K, reserved 1048576K
Event: 15.513 GC heap after
Heap after GC invocations=7 (full 0):
 PSYoungGen      total 282624K, used 10452K [0x00000000d6600000, 0x00000000e8e00000, 0x0000000100000000)
  eden space 262144K, 0% used [0x00000000d6600000,0x00000000d6600000,0x00000000e6600000)
  from space 20480K, 51% used [0x00000000e6600000,0x00000000e70353c8,0x00000000e7a00000)
  to   space 20480K, 0% used [0x00000000e7a00000,0x00000000e7a00000,0x00000000e8e00000)
 ParOldGen       total 86016K, used 27786K [0x0000000083200000, 0x0000000088600000, 0x00000000d6600000)
  object space 86016K, 32% used [0x0000000083200000,0x0000000084d22b18,0x0000000088600000)
 Metaspace       used 20718K, capacity 21146K, committed 21248K, reserved 1069056K
  class space    used 2395K, capacity 2524K, committed 2560K, reserved 1048576K
}
Event: 15.513 GC heap before
{Heap before GC invocations=8 (full 1):
 PSYoungGen      total 282624K, used 10452K [0x00000000d6600000, 0x00000000e8e00000, 0x0000000100000000)
  eden space 262144K, 0% used [0x00000000d6600000,0x00000000d6600000,0x00000000e6600000)
  from space 20480K, 51% used [0x00000000e6600000,0x00000000e70353c8,0x00000000e7a00000)
  to   space 20480K, 0% used [0x00000000e7a00000,0x00000000e7a00000,0x00000000e8e00000)
 ParOldGen       total 86016K, used 27786K [0x0000000083200000, 0x0000000088600000, 0x00000000d6600000)
  object space 86016K, 32% used [0x0000000083200000,0x0000000084d22b18,0x0000000088600000)
 Metaspace       used 20718K, capacity 21146K, committed 21248K, reserved 1069056K
  class space    used 2395K, capacity 2524K, committed 2560K, reserved 1048576K
Event: 15.772 GC heap after
Heap after GC invocations=8 (full 1):
 PSYoungGen      total 282624K, used 0K [0x00000000d6600000, 0x00000000e8e00000, 0x0000000100000000)
  eden space 262144K, 0% used [0x00000000d6600000,0x00000000d6600000,0x00000000e6600000)
  from space 20480K, 0% used [0x00000000e6600000,0x00000000e6600000,0x00000000e7a00000)
  to   space 20480K, 0% used [0x00000000e7a00000,0x00000000e7a00000,0x00000000e8e00000)
 ParOldGen       total 82432K, used 32014K [0x0000000083200000, 0x0000000088280000, 0x00000000d6600000)
  object space 82432K, 38% used [0x0000000083200000,0x0000000085143a20,0x0000000088280000)
 Metaspace       used 20718K, capacity 21146K, committed 21248K, reserved 1069056K
  class space    used 2395K, capacity 2524K, committed 2560K, reserved 1048576K
}

